This is pdfTeX, Version 3.1415926-1.40.10 (TeX Live 2009/Debian) (format=latex 2010.8.27)  30 SEP 2010 11:10
entering extended mode
 restricted \write18 enabled.
 %&-line parsing enabled.
**MSc-Dissertation.tex
(./MSc-Dissertation.tex
LaTeX2e <2009/09/24>
Babel <v3.8l> and hyphenation patterns for english, usenglishmax, dumylang, noh
yphenation, loaded.
(/usr/share/texmf-texlive/tex/latex/base/report.cls
Document Class: report 2007/10/19 v1.4h Standard LaTeX document class
(/usr/share/texmf-texlive/tex/latex/base/size12.clo
File: size12.clo 2007/10/19 v1.4h Standard LaTeX file (size option)
)
\c@part=\count79
\c@chapter=\count80
\c@section=\count81
\c@subsection=\count82
\c@subsubsection=\count83
\c@paragraph=\count84
\c@subparagraph=\count85
\c@figure=\count86
\c@table=\count87
\abovecaptionskip=\skip41
\belowcaptionskip=\skip42
\bibindent=\dimen102
)
(/usr/share/texmf-texlive/tex/latex/graphics/graphicx.sty
Package: graphicx 1999/02/16 v1.0f Enhanced LaTeX Graphics (DPC,SPQR)

(/usr/share/texmf-texlive/tex/latex/graphics/keyval.sty
Package: keyval 1999/03/16 v1.13 key=value parser (DPC)
\KV@toks@=\toks14
)
(/usr/share/texmf-texlive/tex/latex/graphics/graphics.sty
Package: graphics 2009/02/05 v1.0o Standard LaTeX Graphics (DPC,SPQR)

(/usr/share/texmf-texlive/tex/latex/graphics/trig.sty
Package: trig 1999/03/16 v1.09 sin cos tan (DPC)
)
(/etc/texmf/tex/latex/config/graphics.cfg
File: graphics.cfg 2009/08/28 v1.8 graphics configuration of TeX Live
)
Package graphics Info: Driver file: dvips.def on input line 91.

(/usr/share/texmf-texlive/tex/latex/graphics/dvips.def
File: dvips.def 1999/02/16 v3.0i Driver-dependant file (DPC,SPQR)
))
\Gin@req@height=\dimen103
\Gin@req@width=\dimen104
)
(/usr/share/texmf-texlive/tex/latex/preprint/fullpage.sty
Package: fullpage 1999/02/23 1.1 (PWD)
\FP@margin=\skip43
)
(/usr/share/texmf-texlive/tex/latex/natbib/natbib.sty
Package: natbib 2009/07/16 8.31 (PWD, AO)
\bibhang=\skip44
\bibsep=\skip45
LaTeX Info: Redefining \cite on input line 694.
\c@NAT@ctr=\count88
)
(/usr/share/texmf-texlive/tex/latex/float/float.sty
Package: float 2001/11/08 v1.3d Float enhancements (AL)
\c@float@type=\count89
\float@exts=\toks15
\float@box=\box26
\@float@everytoks=\toks16
\@floatcapt=\box27
)
(/usr/share/texmf-texlive/tex/latex/subfig/subfig.sty
Package: subfig 2005/06/28 ver: 1.3 subfig package

(/usr/share/texmf-texlive/tex/latex/caption/caption.sty
Package: caption 2009/10/09 v3.1k Customizing captions (AR)

(/usr/share/texmf-texlive/tex/latex/caption/caption3.sty
Package: caption3 2009/10/09 v3.1k caption3 kernel (AR)
\captionmargin=\dimen105
\captionmargin@=\dimen106
\captionwidth=\dimen107
\caption@indent=\dimen108
\caption@parindent=\dimen109
\caption@hangindent=\dimen110
)
\c@ContinuedFloat=\count90
Package caption Info: float package is loaded.
)
\c@KVtest=\count91
\sf@farskip=\skip46
\sf@captopadj=\dimen111
\sf@capskip=\skip47
\sf@nearskip=\skip48
\c@subfigure=\count92
\c@subfigure@save=\count93
\c@lofdepth=\count94
\c@subtable=\count95
\c@subtable@save=\count96
\c@lotdepth=\count97
\sf@top=\skip49
\sf@bottom=\skip50
)
(/usr/share/texmf-texlive/tex/latex/appendix/appendix.sty
Package: appendix 2009/09/02 v1.2b extra appendix facilities
\c@@pps=\count98
\c@@ppsavesec=\count99
\c@@ppsaveapp=\count100
)
(./MSc-Dissertation.aux

LaTeX Warning: Label `subsec:syntax_trees' multiply defined.

)
\openout1 = `MSc-Dissertation.aux'.

LaTeX Font Info:    Checking defaults for OML/cmm/m/it on input line 12.
LaTeX Font Info:    ... okay on input line 12.
LaTeX Font Info:    Checking defaults for T1/cmr/m/n on input line 12.
LaTeX Font Info:    ... okay on input line 12.
LaTeX Font Info:    Checking defaults for OT1/cmr/m/n on input line 12.
LaTeX Font Info:    ... okay on input line 12.
LaTeX Font Info:    Checking defaults for OMS/cmsy/m/n on input line 12.
LaTeX Font Info:    ... okay on input line 12.
LaTeX Font Info:    Checking defaults for OMX/cmex/m/n on input line 12.
LaTeX Font Info:    ... okay on input line 12.
LaTeX Font Info:    Checking defaults for U/cmr/m/n on input line 12.
LaTeX Font Info:    ... okay on input line 12.
Package caption Info: Begin \AtBeginDocument code.
Package caption3 Info: subfig package 1.2 or 1.3 is loaded.
LaTeX Info: Redefining \subref on input line 12.
Package caption Info: End \AtBeginDocument code.
LaTeX Font Info:    External font `cmex10' loaded for size
(Font)              <14.4> on input line 21.
LaTeX Font Info:    External font `cmex10' loaded for size
(Font)              <7> on input line 21.
 [1

] [1] (./MSc-Dissertation.toc
LaTeX Font Info:    External font `cmex10' loaded for size
(Font)              <12> on input line 2.
LaTeX Font Info:    External font `cmex10' loaded for size
(Font)              <8> on input line 2.
LaTeX Font Info:    External font `cmex10' loaded for size
(Font)              <6> on input line 2.
 [1

] [2])
\tf@toc=\write3
\openout3 = `MSc-Dissertation.toc'.

 [3]
Chapter 1.

Underfull \hbox (badness 10000) in paragraph at lines 38--42

 []

[1


]
LaTeX Font Info:    Try loading font information for OMS+cmr on input line 46.
 (/usr/share/texmf-texlive/tex/latex/base/omscmr.fd
File: omscmr.fd 1999/05/25 v2.5h Standard LaTeX font definitions
)
LaTeX Font Info:    Font shape `OMS/cmr/m/n' in size <12> not available
(Font)              Font shape `OMS/cmsy/m/n' tried instead on input line 46.
 [2

] [3

] [4]
Chapter 2.
File: flexfail.eps Graphic file (type eps)
<flexfail.eps>
Underfull \hbox (badness 10000) in paragraph at lines 81--96

 []


Underfull \hbox (badness 10000) in paragraph at lines 81--96

 []


Underfull \hbox (badness 10000) in paragraph at lines 81--96

 []

[5

]
File: flex_error1.ps Graphic file (type eps)
 <flex_error1.ps>
Underfull \hbox (badness 10000) in paragraph at lines 99--106

 []

[6]
File: flex_error2.ps Graphic file (type eps)
 <flex_error2.ps> [7] [8]
Underfull \hbox (badness 10000) in paragraph at lines 122--137

 []


Underfull \hbox (badness 10000) in paragraph at lines 122--137

 []

[9

]
Underfull \hbox (badness 10000) in paragraph at lines 137--144

 []


Underfull \hbox (badness 10000) in paragraph at lines 137--144

 []

[10] [11]
Chapter 3.

Underfull \hbox (badness 10000) in paragraph at lines 149--160

 []


Underfull \hbox (badness 10000) in paragraph at lines 149--160

 []


Underfull \hbox (badness 10000) in paragraph at lines 149--160

 []


Underfull \hbox (badness 10000) in paragraph at lines 149--160

 []

[12

]
Underfull \hbox (badness 10000) in paragraph at lines 190--191

 []


Underfull \hbox (badness 10000) in paragraph at lines 190--191

 []


Underfull \hbox (badness 10000) in paragraph at lines 190--191

 []


Underfull \hbox (badness 10000) in paragraph at lines 161--193

 []

[13] [14]
Underfull \hbox (badness 10000) in paragraph at lines 194--201

 []


Overfull \hbox (9.1241pt too wide) in paragraph at lines 202--203
\OT1/cmtt/m/n/12 born(S, elizabeth2, Y)\OT1/cmr/m/n/12 , which re-trives a set 
of data where the child's mother is \OT1/cmtt/m/n/12 elizabeth2\OT1/cmr/m/n/12 
.
 []

[15] [16

] [17]
Underfull \hbox (badness 10000) in paragraph at lines 239--242

 []


Underfull \hbox (badness 10000) in paragraph at lines 243--244

 []

[18

] [19] [20

]
Underfull \hbox (badness 10000) in paragraph at lines 303--312

 []


Underfull \hbox (badness 10000) in paragraph at lines 303--312

 []


Underfull \hbox (badness 10000) in paragraph at lines 303--312

 []


Underfull \hbox (badness 10000) in paragraph at lines 303--312

 []

[21]
Underfull \hbox (badness 10000) in paragraph at lines 314--317

 []


Underfull \hbox (badness 10000) in paragraph at lines 318--322

 []

[22]
Underfull \hbox (badness 10000) in paragraph at lines 330--334

 []


Underfull \hbox (badness 10000) in paragraph at lines 335--336

 []


Underfull \hbox (badness 10000) in paragraph at lines 341--342

 []


Underfull \hbox (badness 10000) in paragraph at lines 343--344

 []

[23]
Underfull \hbox (badness 10000) in paragraph at lines 345--376

 []


Underfull \hbox (badness 10000) in paragraph at lines 345--376

 []


Underfull \hbox (badness 10000) in paragraph at lines 345--376

 []

[24] [25]
LaTeX Font Info:    Try loading font information for OMS+cmtt on input line 379
.
LaTeX Font Info:    No file OMScmtt.fd. on input line 379.


LaTeX Font Warning: Font shape `OMS/cmtt/m/n' undefined
(Font)              using `OMS/cmsy/m/n' instead
(Font)              for symbol `textbraceleft' on input line 379.

File: whilegraph.ps Graphic file (type eps)
<whilegraph.ps> [26]
Underfull \hbox (badness 10000) in paragraph at lines 394--400

 []

[27]
Underfull \hbox (badness 10000) in paragraph at lines 401--425

 []

[28]
Underfull \hbox (badness 10000) in paragraph at lines 430--435

 []

[29]
Underfull \hbox (badness 10000) in paragraph at lines 438--444

 []


Underfull \hbox (badness 10000) in paragraph at lines 438--444

 []


Underfull \hbox (badness 10000) in paragraph at lines 438--444

 []


Underfull \hbox (badness 10000) in paragraph at lines 446--451

 []


Underfull \hbox (badness 10000) in paragraph at lines 446--451

 []

[30]
Underfull \hbox (badness 10000) in paragraph at lines 456--459

 []

[31]
Underfull \hbox (badness 10000) in paragraph at lines 464--470

 []


Underfull \hbox (badness 10000) in paragraph at lines 464--470

 []

[32]
Underfull \hbox (badness 10000) in paragraph at lines 471--478

 []


Underfull \hbox (badness 10000) in paragraph at lines 471--478

 []


Underfull \hbox (badness 10000) in paragraph at lines 471--478

 []

[33]
Underfull \hbox (badness 10000) in paragraph at lines 486--509

 []


Underfull \hbox (badness 10000) in paragraph at lines 486--509

 []


Underfull \hbox (badness 10000) in paragraph at lines 486--509

 []

[34] [35] [36]
Underfull \hbox (badness 10000) in paragraph at lines 554--562

 []


Underfull \hbox (badness 10000) in paragraph at lines 554--562

 []

[37]
Underfull \hbox (badness 10000) in paragraph at lines 570--606

 []


Underfull \hbox (badness 10000) in paragraph at lines 570--606

 []

[38] [39]
Underfull \hbox (badness 10000) in paragraph at lines 625--630

 []


Underfull \hbox (badness 10000) in paragraph at lines 625--630

 []

[40] [41] [42]
Chapter 4.

Underfull \hbox (badness 10000) in paragraph at lines 641--649

 []


Underfull \hbox (badness 10000) in paragraph at lines 641--649

 []

[43

]
Underfull \hbox (badness 10000) in paragraph at lines 649--650

 []


Underfull \hbox (badness 10000) in paragraph at lines 654--657

 []


Underfull \hbox (badness 10000) in paragraph at lines 657--658

 []

[44]
Underfull \hbox (badness 10000) in paragraph at lines 665--666

 []


Underfull \hbox (badness 10000) in paragraph at lines 670--672

 []


Underfull \hbox (badness 10000) in paragraph at lines 672--679

 []


Underfull \hbox (badness 10000) in paragraph at lines 672--679

 []


Underfull \hbox (badness 10000) in paragraph at lines 672--679

 []

[45]
Underfull \hbox (badness 10000) in paragraph at lines 690--697

 []


Underfull \hbox (badness 10000) in paragraph at lines 690--697

 []


Underfull \hbox (badness 10000) in paragraph at lines 690--697

 []

[46]
Underfull \hbox (badness 10000) in paragraph at lines 700--701

 []

LaTeX Font Info:    Font shape `OT1/cmtt/bx/n' in size <12> not available
(Font)              Font shape `OT1/cmtt/m/n' tried instead on input line 710.
[47]
Underfull \hbox (badness 10000) in paragraph at lines 720--748

 []

[48]
LaTeX Font Info:    Try loading font information for OML+cmr on input line 757.

 (/usr/share/texmf-texlive/tex/latex/base/omlcmr.fd
File: omlcmr.fd 1999/05/25 v2.5h Standard LaTeX font definitions
)
LaTeX Font Info:    Font shape `OML/cmr/m/n' in size <12> not available
(Font)              Font shape `OML/cmm/m/it' tried instead on input line 757.

Underfull \hbox (badness 10000) in paragraph at lines 749--767

 []

[49]
Underfull \hbox (badness 10000) in paragraph at lines 769--772

 []


Underfull \hbox (badness 10000) in paragraph at lines 769--772

 []


Underfull \hbox (badness 10000) in paragraph at lines 776--782

 []


Underfull \hbox (badness 10000) in paragraph at lines 776--782

 []


Underfull \hbox (badness 10000) in paragraph at lines 776--782

 []


Underfull \hbox (badness 10000) in paragraph at lines 776--782

 []

[50]
Underfull \hbox (badness 10000) in paragraph at lines 794--797

 []


Underfull \hbox (badness 10000) in paragraph at lines 794--797

 []

[51]
Underfull \hbox (badness 10000) in paragraph at lines 809--814

 []


Underfull \hbox (badness 10000) in paragraph at lines 809--814

 []


Underfull \hbox (badness 10000) in paragraph at lines 809--814

 []

[52]
Underfull \hbox (badness 10000) in paragraph at lines 818--821

 []


Underfull \hbox (badness 10000) in paragraph at lines 818--821

 []

[53]
Underfull \hbox (badness 10000) in paragraph at lines 841--848

 []


Underfull \hbox (badness 10000) in paragraph at lines 841--848

 []


Underfull \hbox (badness 10000) in paragraph at lines 841--848

 []

[54]
Underfull \hbox (badness 10000) in paragraph at lines 857--858

 []

[55]
Underfull \hbox (badness 10000) in paragraph at lines 876--877

 []


Underfull \hbox (badness 10000) in paragraph at lines 880--881

 []


Underfull \hbox (badness 10000) in paragraph at lines 884--887

 []

[56]
Underfull \hbox (badness 10000) in paragraph at lines 896--899

 []


Underfull \hbox (badness 10000) in paragraph at lines 912--915

 []

[57

]
Underfull \hbox (badness 10000) in paragraph at lines 918--921

 []


Underfull \hbox (badness 10000) in paragraph at lines 918--921

 []


Underfull \hbox (badness 10000) in paragraph at lines 927--928

 []


Underfull \hbox (badness 10000) in paragraph at lines 931--932

 []

[58] [59]
Chapter 5.

Underfull \hbox (badness 10000) in paragraph at lines 937--939

 []


Underfull \hbox (badness 10000) in paragraph at lines 937--939

 []

[60

]
Underfull \hbox (badness 10000) in paragraph at lines 960--963

 []


Underfull \hbox (badness 10000) in paragraph at lines 960--963

 []

[61]
Underfull \hbox (badness 10000) in paragraph at lines 975--980

 []


Underfull \hbox (badness 10000) in paragraph at lines 975--980

 []

[62]
Underfull \hbox (badness 10000) in paragraph at lines 984--986

 []


Underfull \hbox (badness 10000) in paragraph at lines 984--986

 []

[63] [64]
Chapter 6.

Underfull \hbox (badness 10000) in paragraph at lines 995--998

 []


Underfull \hbox (badness 10000) in paragraph at lines 999--1005

 []


Underfull \hbox (badness 10000) in paragraph at lines 999--1005

 []

[65

]
Underfull \hbox (badness 10000) in paragraph at lines 1006--1007

 []


Underfull \hbox (badness 10000) in paragraph at lines 1023--1024

 []


Underfull \hbox (badness 10000) in paragraph at lines 1026--1030

 []


Underfull \hbox (badness 10000) in paragraph at lines 1026--1030

 []


Underfull \hbox (badness 10000) in paragraph at lines 1026--1030

 []

[66]
Underfull \hbox (badness 10000) in paragraph at lines 1036--1037

 []

File: linux.eps Graphic file (type eps)
<linux.eps>
Underfull \hbox (badness 10000) in paragraph at lines 1044--1060

 []


Underfull \hbox (badness 10000) in paragraph at lines 1044--1060

 []


Underfull \hbox (badness 10000) in paragraph at lines 1044--1060

 []

[67]
File: flexes.eps Graphic file (type eps)
 <flexes.eps> [68]
Underfull \hbox (badness 10000) in paragraph at lines 1067--1073

 []


Underfull \hbox (badness 10000) in paragraph at lines 1067--1073

 []


Underfull \hbox (badness 10000) in paragraph at lines 1074--1081

 []


Underfull \hbox (badness 10000) in paragraph at lines 1074--1081

 []

[69] (./MSc-Dissertation.bbl [70]
Overfull \hbox (176.79341pt too wide) in paragraph at lines 9--14
[]\OT1/cmr/m/n/12 Lloyd Al-li-son.  Pro-log - the house of wind-sor.  http://ww
w.csse.monash.edu.au/~lloyd/tildeLogic/Prolog.toy/Examples/windsor-
 []


Underfull \hbox (badness 10000) in paragraph at lines 16--20
[]\OT1/cmr/m/n/12 Istvan S.N. Berke-ley.  What is ar-ti-fi-cial in-tel-li-gence
?
 []


Underfull \hbox (badness 10000) in paragraph at lines 22--27
[]\OT1/cmr/m/n/12 Th. Estier.  What is bnf no-ta-tion?  http://www.cui.unige.ch
/db-
 []

[71

]) [72] [73


] (./MSc-Dissertation.aux)

LaTeX Font Warning: Some font shapes were not available, defaults substituted.


LaTeX Warning: There were multiply-defined labels.

 ) 
Here is how much of TeX's memory you used:
 2327 strings out of 495062
 35301 string characters out of 1182644
 101780 words of memory out of 3000000
 5510 multiletter control sequences out of 15000+50000
 10626 words of font info for 38 fonts, out of 3000000 for 9000
 28 hyphenation exceptions out of 8191
 44i,10n,42p,1074b,315s stack positions out of 5000i,500n,10000p,200000b,50000s

Output written on MSc-Dissertation.dvi (78 pages, 139848 bytes).
