This is pdfTeX, Version 3.1415926-1.40.10 (TeX Live 2009/Debian) (format=pdflatex 2010.8.27)  29 SEP 2010 11:37
entering extended mode
 restricted \write18 enabled.
 %&-line parsing enabled.
**sample.tex
(./sample.tex
LaTeX2e <2009/09/24>
Babel <v3.8l> and hyphenation patterns for english, usenglishmax, dumylang, noh
yphenation, loaded.
(/usr/share/texmf-texlive/tex/latex/base/report.cls
Document Class: report 2007/10/19 v1.4h Standard LaTeX document class
(/usr/share/texmf-texlive/tex/latex/base/size12.clo
File: size12.clo 2007/10/19 v1.4h Standard LaTeX file (size option)
)
\c@part=\count79
\c@chapter=\count80
\c@section=\count81
\c@subsection=\count82
\c@subsubsection=\count83
\c@paragraph=\count84
\c@subparagraph=\count85
\c@figure=\count86
\c@table=\count87
\abovecaptionskip=\skip41
\belowcaptionskip=\skip42
\bibindent=\dimen102
)
(/usr/share/texmf-texlive/tex/latex/graphics/graphicx.sty
Package: graphicx 1999/02/16 v1.0f Enhanced LaTeX Graphics (DPC,SPQR)

(/usr/share/texmf-texlive/tex/latex/graphics/keyval.sty
Package: keyval 1999/03/16 v1.13 key=value parser (DPC)
\KV@toks@=\toks14
)
(/usr/share/texmf-texlive/tex/latex/graphics/graphics.sty
Package: graphics 2009/02/05 v1.0o Standard LaTeX Graphics (DPC,SPQR)

(/usr/share/texmf-texlive/tex/latex/graphics/trig.sty
Package: trig 1999/03/16 v1.09 sin cos tan (DPC)
)
(/etc/texmf/tex/latex/config/graphics.cfg
File: graphics.cfg 2009/08/28 v1.8 graphics configuration of TeX Live
)
Package graphics Info: Driver file: pdftex.def on input line 91.

(/usr/share/texmf-texlive/tex/latex/pdftex-def/pdftex.def
File: pdftex.def 2009/08/25 v0.04m Graphics/color for pdfTeX
\Gread@gobject=\count88
))
\Gin@req@height=\dimen103
\Gin@req@width=\dimen104
)
(/usr/share/texmf-texlive/tex/latex/preprint/fullpage.sty
Package: fullpage 1999/02/23 1.1 (PWD)
\FP@margin=\skip43
)
(/usr/share/texmf-texlive/tex/latex/natbib/natbib.sty
Package: natbib 2009/07/16 8.31 (PWD, AO)
\bibhang=\skip44
\bibsep=\skip45
LaTeX Info: Redefining \cite on input line 694.
\c@NAT@ctr=\count89
)
(/usr/share/texmf-texlive/tex/latex/float/float.sty
Package: float 2001/11/08 v1.3d Float enhancements (AL)
\c@float@type=\count90
\float@exts=\toks15
\float@box=\box26
\@float@everytoks=\toks16
\@floatcapt=\box27
)
(/usr/share/texmf-texlive/tex/latex/subfig/subfig.sty
Package: subfig 2005/06/28 ver: 1.3 subfig package

(/usr/share/texmf-texlive/tex/latex/caption/caption.sty
Package: caption 2009/10/09 v3.1k Customizing captions (AR)

(/usr/share/texmf-texlive/tex/latex/caption/caption3.sty
Package: caption3 2009/10/09 v3.1k caption3 kernel (AR)
\captionmargin=\dimen105
\captionmargin@=\dimen106
\captionwidth=\dimen107
\caption@indent=\dimen108
\caption@parindent=\dimen109
\caption@hangindent=\dimen110
)
\c@ContinuedFloat=\count91
Package caption Info: float package is loaded.
)
\c@KVtest=\count92
\sf@farskip=\skip46
\sf@captopadj=\dimen111
\sf@capskip=\skip47
\sf@nearskip=\skip48
\c@subfigure=\count93
\c@subfigure@save=\count94
\c@lofdepth=\count95
\c@subtable=\count96
\c@subtable@save=\count97
\c@lotdepth=\count98
\sf@top=\skip49
\sf@bottom=\skip50
) (./sample.aux

LaTeX Warning: Label `subsec:syntax_trees' multiply defined.

)
\openout1 = `sample.aux'.

LaTeX Font Info:    Checking defaults for OML/cmm/m/it on input line 11.
LaTeX Font Info:    ... okay on input line 11.
LaTeX Font Info:    Checking defaults for T1/cmr/m/n on input line 11.
LaTeX Font Info:    ... okay on input line 11.
LaTeX Font Info:    Checking defaults for OT1/cmr/m/n on input line 11.
LaTeX Font Info:    ... okay on input line 11.
LaTeX Font Info:    Checking defaults for OMS/cmsy/m/n on input line 11.
LaTeX Font Info:    ... okay on input line 11.
LaTeX Font Info:    Checking defaults for OMX/cmex/m/n on input line 11.
LaTeX Font Info:    ... okay on input line 11.
LaTeX Font Info:    Checking defaults for U/cmr/m/n on input line 11.
LaTeX Font Info:    ... okay on input line 11.
 (/usr/share/texmf-texlive/tex/context/base/supp-pdf.mkii
[Loading MPS to PDF converter (version 2006.09.02).]
\scratchcounter=\count99
\scratchdimen=\dimen112
\scratchbox=\box28
\nofMPsegments=\count100
\nofMParguments=\count101
\everyMPshowfont=\toks17
\MPscratchCnt=\count102
\MPscratchDim=\dimen113
\MPnumerator=\count103
\everyMPtoPDFconversion=\toks18
)
Package caption Info: Begin \AtBeginDocument code.
Package caption3 Info: subfig package 1.2 or 1.3 is loaded.
LaTeX Info: Redefining \subref on input line 11.
Package caption Info: End \AtBeginDocument code.
LaTeX Font Info:    External font `cmex10' loaded for size
(Font)              <14.4> on input line 17.
LaTeX Font Info:    External font `cmex10' loaded for size
(Font)              <7> on input line 17.
 [1

{/var/lib/texmf/fonts/map/pdftex/updmap/pdftex.map}] [1] (./sample.toc
LaTeX Font Info:    External font `cmex10' loaded for size
(Font)              <12> on input line 2.
LaTeX Font Info:    External font `cmex10' loaded for size
(Font)              <8> on input line 2.
LaTeX Font Info:    External font `cmex10' loaded for size
(Font)              <6> on input line 2.

[1

] [2])
\tf@toc=\write3
\openout3 = `sample.toc'.

 [3]
Chapter 1.

Underfull \hbox (badness 10000) in paragraph at lines 33--37

 []

[1


]
LaTeX Font Info:    Try loading font information for OMS+cmr on input line 41.
 (/usr/share/texmf-texlive/tex/latex/base/omscmr.fd
File: omscmr.fd 1999/05/25 v2.5h Standard LaTeX font definitions
)
LaTeX Font Info:    Font shape `OMS/cmr/m/n' in size <12> not available
(Font)              Font shape `OMS/cmsy/m/n' tried instead on input line 41.
 [2

] [3

] [4]
Chapter 2.
<flexfail.png, id=35, 530.73282pt x 388.45125pt>
File: flexfail.png Graphic file (type png)
 <use flexfail.png>
Underfull \hbox (badness 10000) in paragraph at lines 76--91

 []


Underfull \hbox (badness 10000) in paragraph at lines 76--91

 []


Underfull \hbox (badness 10000) in paragraph at lines 76--91

 []

[5

] <flex_error1.png, id=39, 707.64375pt x 559.08875pt>
File: flex_error1.png Graphic file (type png)
 <use flex_error1.png>
Underfull \hbox (badness 10000) in paragraph at lines 94--101

 []

[6 <./flexfail.png (PNG copy)>]
<flex_error2.png, id=43, 706.64pt x 591.20876pt>
File: flex_error2.png Graphic file (type png)
 <use flex_error2.png> [7 <./flex_error1.png (PNG copy)>] [8 <./flex_error2.png
 (PNG copy)>] [9

]
Chapter 3.

Underfull \hbox (badness 10000) in paragraph at lines 121--129

 []


Underfull \hbox (badness 10000) in paragraph at lines 121--129

 []


Underfull \hbox (badness 10000) in paragraph at lines 121--129

 []

[10

]
Underfull \hbox (badness 10000) in paragraph at lines 159--160

 []


Underfull \hbox (badness 10000) in paragraph at lines 159--160

 []


Underfull \hbox (badness 10000) in paragraph at lines 159--160

 []


Underfull \hbox (badness 10000) in paragraph at lines 130--162

 []

[11]
Underfull \hbox (badness 10000) in paragraph at lines 163--172

 []

[12]
Overfull \hbox (9.1241pt too wide) in paragraph at lines 173--174
\OT1/cmtt/m/n/12 born(S, elizabeth2, Y)\OT1/cmr/m/n/12 , which re-trives a set 
of data where the child's mother is \OT1/cmtt/m/n/12 elizabeth2\OT1/cmr/m/n/12 
.
 []

[13]
Underfull \hbox (badness 10000) in paragraph at lines 188--200

 []

[14

]
Underfull \hbox (badness 10000) in paragraph at lines 201--204

 []


Underfull \hbox (badness 10000) in paragraph at lines 209--213

 []

[15]
Underfull \hbox (badness 10000) in paragraph at lines 214--216

 []


Underfull \hbox (badness 10000) in paragraph at lines 214--216

 []

[16] [17]
Overfull \vbox (68.59503pt too high) has occurred while \output is active []


[18]
Underfull \hbox (badness 10000) in paragraph at lines 266--275

 []


Underfull \hbox (badness 10000) in paragraph at lines 266--275

 []


Underfull \hbox (badness 10000) in paragraph at lines 266--275

 []


Underfull \hbox (badness 10000) in paragraph at lines 266--275

 []

[19]
Underfull \hbox (badness 10000) in paragraph at lines 279--283

 []


Underfull \hbox (badness 10000) in paragraph at lines 291--297

 []


Underfull \hbox (badness 10000) in paragraph at lines 298--299

 []

[20]
Underfull \hbox (badness 10000) in paragraph at lines 306--307

 []


Underfull \hbox (badness 10000) in paragraph at lines 308--339

 []


Underfull \hbox (badness 10000) in paragraph at lines 308--339

 []


Underfull \hbox (badness 10000) in paragraph at lines 308--339

 []

[21] [22]
LaTeX Font Info:    Try loading font information for OMS+cmtt on input line 342
.
LaTeX Font Info:    No file OMScmtt.fd. on input line 342.


LaTeX Font Warning: Font shape `OMS/cmtt/m/n' undefined
(Font)              using `OMS/cmsy/m/n' instead
(Font)              for symbol `textbraceleft' on input line 342.


! LaTeX Error: File `whilegraph' not found.

See the LaTeX manual or LaTeX Companion for explanation.
Type  H <return>  for immediate help.
 ...                                              
                                                  
l.354 	\includegraphics[scale=1]{whilegraph}
                                            
I could not locate the file with any of these extensions:
.png,.pdf,.jpg,.mps,.jpeg,.jbig2,.jb2,.PNG,.PDF,.JPG,.JPEG,.JBIG2,.JB2
Try typing  <return>  to proceed.
If that doesn't work, type  X <return>  to quit.

[23]
Underfull \hbox (badness 10000) in paragraph at lines 364--388

 []

[24] [25]
Underfull \hbox (badness 10000) in paragraph at lines 393--398

 []


Underfull \hbox (badness 10000) in paragraph at lines 401--407

 []


Underfull \hbox (badness 10000) in paragraph at lines 401--407

 []


Underfull \hbox (badness 10000) in paragraph at lines 401--407

 []

[26]
Underfull \hbox (badness 10000) in paragraph at lines 409--414

 []


Underfull \hbox (badness 10000) in paragraph at lines 409--414

 []

[27]
Underfull \hbox (badness 10000) in paragraph at lines 419--422

 []


Underfull \hbox (badness 10000) in paragraph at lines 427--433

 []


Underfull \hbox (badness 10000) in paragraph at lines 427--433

 []

[28]
Underfull \hbox (badness 10000) in paragraph at lines 440--443

 []


Underfull \hbox (badness 10000) in paragraph at lines 440--443

 []


Underfull \hbox (badness 10000) in paragraph at lines 440--443

 []


Underfull \hbox (badness 10000) in paragraph at lines 444--467

 []


Underfull \hbox (badness 10000) in paragraph at lines 444--467

 []


Underfull \hbox (badness 10000) in paragraph at lines 444--467

 []

[29] [30] [31] [32]
Underfull \hbox (badness 10000) in paragraph at lines 522--559

 []

[33] [34] [35] [36] [37]
Chapter 4.

Underfull \hbox (badness 10000) in paragraph at lines 594--602

 []


Underfull \hbox (badness 10000) in paragraph at lines 594--602

 []

[38

]
Underfull \hbox (badness 10000) in paragraph at lines 602--603

 []


Underfull \hbox (badness 10000) in paragraph at lines 607--610

 []


Underfull \hbox (badness 10000) in paragraph at lines 610--611

 []

[39]
Underfull \hbox (badness 10000) in paragraph at lines 618--619

 []


Underfull \hbox (badness 10000) in paragraph at lines 623--625

 []


Underfull \hbox (badness 10000) in paragraph at lines 625--630

 []

[40]
Underfull \hbox (badness 10000) in paragraph at lines 630--632

 []


Underfull \hbox (badness 10000) in paragraph at lines 639--646

 []


Underfull \hbox (badness 10000) in paragraph at lines 639--646

 []


Underfull \hbox (badness 10000) in paragraph at lines 639--646

 []

[41]
Underfull \hbox (badness 10000) in paragraph at lines 649--650

 []

LaTeX Font Info:    Font shape `OT1/cmtt/bx/n' in size <12> not available
(Font)              Font shape `OT1/cmtt/m/n' tried instead on input line 659.
[42]
Underfull \hbox (badness 10000) in paragraph at lines 669--697

 []

[43]
LaTeX Font Info:    Try loading font information for OML+cmr on input line 706.

 (/usr/share/texmf-texlive/tex/latex/base/omlcmr.fd
File: omlcmr.fd 1999/05/25 v2.5h Standard LaTeX font definitions
)
LaTeX Font Info:    Font shape `OML/cmr/m/n' in size <12> not available
(Font)              Font shape `OML/cmm/m/it' tried instead on input line 706.

Underfull \hbox (badness 10000) in paragraph at lines 698--716

 []

[44]
Underfull \hbox (badness 10000) in paragraph at lines 719--723

 []


Underfull \hbox (badness 10000) in paragraph at lines 719--723

 []


Underfull \hbox (badness 10000) in paragraph at lines 719--723

 []


Underfull \hbox (badness 10000) in paragraph at lines 727--733

 []


Underfull \hbox (badness 10000) in paragraph at lines 727--733

 []


Underfull \hbox (badness 10000) in paragraph at lines 727--733

 []


Underfull \hbox (badness 10000) in paragraph at lines 727--733

 []

[45]
Underfull \hbox (badness 10000) in paragraph at lines 745--749

 []


Underfull \hbox (badness 10000) in paragraph at lines 745--749

 []


Underfull \hbox (badness 10000) in paragraph at lines 745--749

 []

[46]
Underfull \hbox (badness 10000) in paragraph at lines 761--767

 []


Underfull \hbox (badness 10000) in paragraph at lines 761--767

 []


Underfull \hbox (badness 10000) in paragraph at lines 761--767

 []


Underfull \hbox (badness 10000) in paragraph at lines 761--767

 []

[47]
Underfull \hbox (badness 10000) in paragraph at lines 771--774

 []


Underfull \hbox (badness 10000) in paragraph at lines 771--774

 []

[48]
Underfull \hbox (badness 10000) in paragraph at lines 791--801

 []


Underfull \hbox (badness 10000) in paragraph at lines 791--801

 []


Underfull \hbox (badness 10000) in paragraph at lines 791--801

 []


Overfull \hbox (36.59523pt too wide) in paragraph at lines 791--801
\OT1/cmtt/m/n/12 IF sky IS "blue" AND clouds IS "none" THEN day becomes "sunny"
 AND message becomes
 []


Underfull \hbox (badness 10000) in paragraph at lines 791--801

 []


Overfull \hbox (6.23927pt too wide) in paragraph at lines 791--801
\OT1/cmr/m/n/12 The \OT1/cmtt/m/n/12 TASK ident \OT1/cmr/m/n/12 ex-pres-sion al
-lows flex to call upon ques-tions, and the \OT1/cmtt/m/n/12 TLPAREN expr TRPAR
EN
 []


Underfull \hbox (badness 10000) in paragraph at lines 791--801

 []

[49]
Underfull \hbox (badness 10000) in paragraph at lines 810--811

 []


Underfull \hbox (badness 10000) in paragraph at lines 818--821

 []

[50]
Underfull \hbox (badness 10000) in paragraph at lines 829--830

 []


Underfull \hbox (badness 10000) in paragraph at lines 837--840

 []

[51]
Underfull \hbox (badness 10000) in paragraph at lines 848--851

 []


Underfull \hbox (badness 10000) in paragraph at lines 864--867

 []

[52]
Underfull \hbox (badness 10000) in paragraph at lines 870--873

 []


Underfull \hbox (badness 10000) in paragraph at lines 870--873

 []


Underfull \hbox (badness 10000) in paragraph at lines 879--880

 []


Underfull \hbox (badness 10000) in paragraph at lines 883--884

 []

[53] [54]
Chapter 5.

Underfull \hbox (badness 10000) in paragraph at lines 889--891

 []


Underfull \hbox (badness 10000) in paragraph at lines 889--891

 []


LaTeX Warning: Reference `sub:sub:sec:test2' on page 55 undefined on input line
 892.

[55

]
Underfull \hbox (badness 10000) in paragraph at lines 912--915

 []


Underfull \hbox (badness 10000) in paragraph at lines 912--915

 []

[56]
Underfull \hbox (badness 10000) in paragraph at lines 927--932

 []


Underfull \hbox (badness 10000) in paragraph at lines 927--932

 []

[57]
Underfull \hbox (badness 10000) in paragraph at lines 936--938

 []


Underfull \hbox (badness 10000) in paragraph at lines 936--938

 []

[58] [59]
Chapter 6.

Underfull \hbox (badness 10000) in paragraph at lines 947--950

 []


Underfull \hbox (badness 10000) in paragraph at lines 951--955

 []

[60

]
Underfull \hbox (badness 10000) in paragraph at lines 956--957

 []


Underfull \hbox (badness 10000) in paragraph at lines 973--974

 []


Underfull \hbox (badness 10000) in paragraph at lines 976--980

 []


Underfull \hbox (badness 10000) in paragraph at lines 976--980

 []


Underfull \hbox (badness 10000) in paragraph at lines 976--980

 []

[61]
Underfull \hbox (badness 10000) in paragraph at lines 986--987

 []


! LaTeX Error: File `linux' not found.

See the LaTeX manual or LaTeX Companion for explanation.
Type  H <return>  for immediate help.
 ...                                              
                                                  
l.1008 	\includegraphics[scale=0.75]{linux}
                                           
I could not locate the file with any of these extensions:
.png,.pdf,.jpg,.mps,.jpeg,.jbig2,.jb2,.PNG,.PDF,.JPG,.JPEG,.JBIG2,.JB2
Try typing  <return>  to proceed.
If that doesn't work, type  X <return>  to quit.


Underfull \hbox (badness 10000) in paragraph at lines 994--1010

 []


Underfull \hbox (badness 10000) in paragraph at lines 994--1010

 []


Underfull \hbox (badness 10000) in paragraph at lines 994--1010

 []

[62]

! LaTeX Error: File `flexes' not found.

See the LaTeX manual or LaTeX Companion for explanation.
Type  H <return>  for immediate help.
 ...                                              
                                                  
l.1014 	\includegraphics[scale=0.75]{flexes}
                                            
I could not locate the file with any of these extensions:
.png,.pdf,.jpg,.mps,.jpeg,.jbig2,.jb2,.PNG,.PDF,.JPG,.JPEG,.JBIG2,.JB2
Try typing  <return>  to proceed.
If that doesn't work, type  X <return>  to quit.


Underfull \hbox (badness 10000) in paragraph at lines 1017--1023

 []


Underfull \hbox (badness 10000) in paragraph at lines 1017--1023

 []

[63]
Underfull \hbox (badness 10000) in paragraph at lines 1024--1031

 []


Underfull \hbox (badness 10000) in paragraph at lines 1024--1031

 []

(./sample.bbl [64]
Overfull \hbox (173.52956pt too wide) in paragraph at lines 9--14
[]\OT1/cmr/m/n/12 Lloyd Al-li-son.  Pro-log - the house of wind-sor.  http://ww
w.csse.monash.edu.au/ lloyd/tildeLogic/Prolog.toy/Examples/windsor-
 []


Underfull \hbox (badness 10000) in paragraph at lines 16--20
[]\OT1/cmr/m/n/12 Istvan S.N. Berke-ley.  What is ar-ti-fi-cial in-tel-li-gence
?
 []


Underfull \hbox (badness 10000) in paragraph at lines 22--27
[]\OT1/cmr/m/n/12 Th. Estier.  What is bnf no-ta-tion?  http://www.cui.unige.ch
/db-
 []

[65

]) [66] (./sample.aux)

LaTeX Font Warning: Some font shapes were not available, defaults substituted.


LaTeX Warning: There were undefined references.


LaTeX Warning: There were multiply-defined labels.

 ) 
Here is how much of TeX's memory you used:
 2610 strings out of 495061
 38760 string characters out of 1182621
 104205 words of memory out of 3000000
 5780 multiletter control sequences out of 15000+50000
 10267 words of font info for 37 fonts, out of 3000000 for 9000
 28 hyphenation exceptions out of 8191
 44i,10n,42p,1064b,315s stack positions out of 5000i,500n,10000p,200000b,50000s
</usr/share/texmf-texlive/fonts/type1/public/amsfonts/cm/cmbx12.pfb></usr/sha
re/texmf-texlive/fonts/type1/public/amsfonts/cm/cmitt10.pfb></usr/share/texmf-t
exlive/fonts/type1/public/amsfonts/cm/cmmi12.pfb></usr/share/texmf-texlive/font
s/type1/public/amsfonts/cm/cmr12.pfb></usr/share/texmf-texlive/fonts/type1/publ
ic/amsfonts/cm/cmr17.pfb></usr/share/texmf-texlive/fonts/type1/public/amsfonts/
cm/cmsy10.pfb></usr/share/texmf-texlive/fonts/type1/public/amsfonts/cm/cmti12.p
fb></usr/share/texmf-texlive/fonts/type1/public/amsfonts/cm/cmtt12.pfb>
Output written on sample.pdf (71 pages, 320649 bytes).
PDF statistics:
 265 PDF objects out of 1000 (max. 8388607)
 0 named destinations out of 1000 (max. 500000)
 16 words of extra memory for PDF output out of 10000 (max. 10000000)

